<?xml version="1.0" encoding="UTF-8"?>
<!-- Generated by org.testng.reporters.JUnitReportReporter -->
<testsuite skipped="0" hostname="DESKTOP-9JGHJ33" name="com.actitime.testscript.CustomerModel" tests="3" failures="0" timestamp="2023-03-15T12:00:33 IST" time="0.042" errors="0">
  <testcase name="deletecustomer" time="0.006" classname="com.actitime.testscript.CustomerModel"/>
  <system-out>
    <![CDATA[deletecustomer]]>
  </system-out>
  <testcase name="createcustomer" time="0.034" classname="com.actitime.testscript.CustomerModel"/>
  <system-out>
    <![CDATA[createcustomer]]>
  </system-out>
  <testcase name="modifycustome" time="0.002" classname="com.actitime.testscript.CustomerModel"/>
  <system-out>
    <![CDATA[modifycustomer]]>
  </system-out>
</testsuite> <!-- com.actitime.testscript.CustomerModel -->
