<?xml version="1.0" encoding="UTF-8"?>
<!-- Generated by org.testng.reporters.JUnitReportReporter -->
<testsuite skipped="0" hostname="DESKTOP-9JGHJ33" name="com.actitime.testscript.AnnotationExampleTow" tests="4" failures="0" timestamp="2023-03-14T19:27:03 IST" time="0.037" errors="0">
  <testcase name="registercustomer" time="0.004" classname="com.actitime.testscript.AnnotationExampleTow"/>
  <system-out>
    <![CDATA[registercustomer]]>
  </system-out>
  <testcase name="deletecustomer" time="0.019" classname="com.actitime.testscript.AnnotationExampleTow"/>
  <system-out>
    <![CDATA[deletecustomer]]>
  </system-out>
  <testcase name="editcustomer" time="0.009" classname="com.actitime.testscript.AnnotationExampleTow"/>
  <system-out>
    <![CDATA[editcustomer]]>
  </system-out>
  <testcase name="editcustomer" time="0.005" classname="com.actitime.testscript.AnnotationExampleTow"/>
  <system-out>
    <![CDATA[editcustomer]]>
  </system-out>
</testsuite> <!-- com.actitime.testscript.AnnotationExampleTow -->
