<?xml version="1.0" encoding="UTF-8"?>
<!-- Generated by org.testng.reporters.JUnitReportReporter -->
<testsuite skipped="0" hostname="DESKTOP-9JGHJ33" name="com.actitime.testscript.AnnotationExample" tests="2" failures="0" timestamp="2023-03-24T10:01:58 IST" time="0.041" errors="0">
  <testcase name="modiefycustomer" time="0.020" classname="com.actitime.testscript.AnnotationExample"/>
  <system-out>
    <![CDATA[modiefycustomer]]>
  </system-out>
  <testcase name="createcustomer" time="0.021" classname="com.actitime.testscript.AnnotationExample"/>
  <system-out>
    <![CDATA[creatercustomer]]>
  </system-out>
</testsuite> <!-- com.actitime.testscript.AnnotationExample -->
