<?xml version="1.0" encoding="UTF-8"?>
<!-- Generated by org.testng.reporters.JUnitReportReporter -->
<testsuite skipped="0" hostname="DESKTOP-9JGHJ33" name="com.actitime.testscript.Demotest" tests="1" failures="0" timestamp="2023-03-13T22:35:55 IST" time="0.016" errors="0">
  <testcase name="demo" time="0.016" classname="com.actitime.testscript.Demotest"/>
  <system-out>
    <![CDATA[welcome]]>
  </system-out>
</testsuite> <!-- com.actitime.testscript.Demotest -->
