<?xml version="1.0" encoding="UTF-8"?>
<!-- Generated by org.testng.reporters.JUnitReportReporter -->
<testsuite skipped="0" hostname="DESKTOP-9JGHJ33" name="com.actitime.testscript.BasssclassCustomer" tests="1" failures="0" timestamp="2023-03-17T10:37:23 IST" time="13.266" errors="0">
  <testcase name="createcustomer" time="13.266" classname="com.actitime.testscript.BasssclassCustomer"/>
  <system-out>
    <![CDATA[createcustomer]]>
  </system-out>
</testsuite> <!-- com.actitime.testscript.BasssclassCustomer -->
