<?xml version="1.0" encoding="UTF-8"?>
<!-- Generated by org.testng.reporters.JUnitReportReporter -->
<testsuite skipped="0" hostname="DESKTOP-9JGHJ33" name="com.actitime.testscript.Screenshort" tests="1" failures="0" timestamp="2023-03-17T22:23:48 IST" time="7.902" errors="0">
  <testcase name="screenshort" time="7.902" classname="com.actitime.testscript.Screenshort"/>
  <system-out/>
</testsuite> <!-- com.actitime.testscript.Screenshort -->
