<?xml version="1.0" encoding="UTF-8"?>
<!-- Generated by org.testng.reporters.JUnitReportReporter -->
<testsuite skipped="0" hostname="DESKTOP-9JGHJ33" name="com.actitime.testscript.VerifyTitle" tests="1" failures="0" timestamp="2023-03-13T22:41:14 IST" time="4.865" errors="0">
  <testcase name="title" time="4.865" classname="com.actitime.testscript.VerifyTitle"/>
  <system-out/>
</testsuite> <!-- com.actitime.testscript.VerifyTitle -->
